==================================================
Paper Retrieval Log
==================================================
DOI: 10.1109/e-Science58273.2023.10254934
Title: Online and Scalable Data Compression Pipeline with Guarantees on Quantities of Interest
Started: 2026-01-23 00:33:56


[UNPAYWALL] Starting...
  Result: not found - client not configured

[ARXIV] Starting...
  Searching arXiv by title: Online and Scalable Data Compression Pipeline with...
  Result: not found - not found on arXiv

[PMC] Starting...
  Looking up PMC ID for 10.1109/e-science58273.2023.10254934
  Result: not found - no PMC ID for this DOI

[BIORXIV] Starting...
  Result: not found - not a bioRxiv DOI

[SEMANTIC_SCHOLAR] Starting...
  Looking up paper by DOI: 10.1109/e-science58273.2023.10254934
  PDF URL: https://www.osti.gov/biblio/2251609
  Result: not found - PDF download failed

[OPENALEX] Starting...
  Looking up work by DOI: 10.1109/e-science58273.2023.10254934
  OA URL: https://www.osti.gov/servlets/purl/2251609
  Result: SUCCESS - downloaded

==================================================
Completed: SUCCESS via openalex
File: ADIOS_Research/papers/Banerjee_2023_Online_and_Scalable_Data_Compression_Pipeline_with.pdf