==================================================
Paper Retrieval Log
==================================================
DOI: N/A
Title: Jarvis: Towards a Shared, User-Friendly, and Reproducible, I/O Infrastructure
Started: 2026-01-06 13:35:15


[UNPAYWALL] Starting...
  Result: not found - client not configured

[ARXIV] Starting...
  Searching arXiv by title: Jarvis: Towards a Shared, User-Friendly, and Repro...
  Result: not found - not found on arXiv

[PMC] Starting...
  Result: not found - no DOI provided

[BIORXIV] Starting...
  Result: not found - no DOI provided

[SEMANTIC_SCHOLAR] Starting...
  Searching by title: Jarvis: Towards a Shared, User-Friendly, and Repro...
  Result: not found - no open access PDF

[OPENALEX] Starting...
  Searching by title: Jarvis: Towards a Shared, User-Friendly, and Repro...
  Result: not found - work not found

[WEB_SEARCH] Starting...
  Web searching for: Jarvis: Towards a Shared, User-Friendly, and Repro...
  Result: not found - no PDF found via web search

==================================================
Completed: FAILED - no source had PDF