==================================================
Paper Retrieval Log
==================================================
DOI: N/A
Title: ADIOS OLCF July2024
Started: 2026-01-23 00:38:35


[UNPAYWALL] Starting...
  Result: not found - client not configured

[ARXIV] Starting...
  Searching arXiv by title: ADIOS OLCF July2024...
  Result: not found - not found on arXiv

[PMC] Starting...
  Result: not found - no DOI provided

[BIORXIV] Starting...
  Result: not found - no DOI provided

[SEMANTIC_SCHOLAR] Starting...
  Searching by title: ADIOS OLCF July2024...
  Result: not found - no open access PDF

[OPENALEX] Starting...
  Searching by title: ADIOS OLCF July2024...
  Result: not found - work not found

[WEB_SEARCH] Starting...
  Web searching for: ADIOS OLCF July2024...
  Result: not found - no PDF found via web search

==================================================
Completed: FAILED - no source had PDF