==================================================
Paper Retrieval Log
==================================================
DOI: N/A
Title: Godoy ADIOS2 adaptable input output system
Started: 2026-01-23 00:49:55


[UNPAYWALL] Starting...
  Result: not found - no DOI provided

[ARXIV] Starting...
  Searching arXiv by title: Godoy ADIOS2 adaptable input output system...
  Result: not found - not found on arXiv

[PMC] Starting...
  Result: not found - no DOI provided

[BIORXIV] Starting...
  Result: not found - no DOI provided

[SEMANTIC_SCHOLAR] Starting...
  Searching by title: Godoy ADIOS2 adaptable input output system...
  Result: not found - no open access PDF

[OPENALEX] Starting...
  Searching by title: Godoy ADIOS2 adaptable input output system...
  Result: not found - work not found

==================================================
Completed: FAILED - no source had PDF